Arguments: 
  /usr/bin/node /usr/share/yarn/bin/yarn.js add commander.js

PATH: 
  /home/kevin/.local/bin:/home/kevin/bin:/usr/local/bin:/usr/local/sbin:/home/kevin/.dotfiles/git/bin:/home/kevin/.dotfiles/bin:/home/kevin/.dotfiles/.dots:/home/kevin/.local/bin:/home/kevin/bin:/usr/local/bin:/usr/local/sbin:/home/kevin/.dotfiles/git/bin:/home/kevin/.dotfiles/bin:/home/kevin/.dotfiles/.dots:/usr/local/sbin:/usr/local/bin:/usr/sbin:/usr/bin:/sbin:/bin:/usr/games:/usr/local/games:/mnt/c/PROGRA~1/ConEmu/ConEmu/wsl:/mnt/c/Program Files/ConEmu:/mnt/c/Program Files/ConEmu/ConEmu:/mnt/c/Users/kevinh/.windows-build-tools/python27:/mnt/c/Users/kevinh/.windows-build-tools/python27/Scripts:/mnt/c/ProgramData/DockerDesktop/version-bin:/mnt/c/Program Files/Docker/Docker/resources/bin:/mnt/c/Program Files (x86)/NVIDIA Corporation/PhysX/Common:/mnt/c/Windows/System32:/mnt/c/Windows:/mnt/c/Windows/System32/wbem:/mnt/c/Windows/System32/OpenSSH:/mnt/c/Windows/System32/WindowsPowerShell/v1.0:/mnt/h/php72:/mnt/c/ProgramData/chocolatey/bin:/mnt/c/Program Files (x86)/HashiCorp/Vagrant/bin:/mnt/c/ProgramData/ComposerSetup/bin:/mnt/c/Program Files/Git/cmd:/mnt/c/Program Files/Intel/Intel(R) Management Engine Components/iCLS:/mnt/c/Program Files/Intel/Intel(R) Management Engine Components/DAL:/mnt/c/Program Files/Intel/Intel(R) Management Engine Components/IPT:/mnt/c/Program Files (x86)/Intel/Intel(R) Management Engine Components/iCLS:/mnt/c/Program Files (x86)/Intel/Intel(R) Management Engine Components/DAL:/mnt/c/Program Files (x86)/Intel/Intel(R) Management Engine Components/IPT:/mnt/c/Program Files (x86)/Windows Kits/8.1/Windows Performance Toolkit:/mnt/c/Program Files/nodejs:/mnt/c/Python27:/mnt/c/Users/kevinh/AppData/Local/Programs/Python/Python37/Scripts:/mnt/c/Users/kevinh/AppData/Local/Programs/Python/Python37:/mnt/c/Users/kevinh/AppData/Local/Microsoft/WindowsApps:/mnt/c/Users/kevinh/AppData/Local/Programs/Microsoft VS Code/bin:/mnt/c/Users/kevinh/AppData/Roaming/Composer/vendor/bin:/mnt/c/Program Files/Docker Toolbox:/mnt/c/Users/kevinh/AppData/Roaming/npm:/home/kevin/.composer/vendor/bin:/home/kevin/.config/composer/vendor/bin:/home/kevin/.zgen/unixorn/warhol.plugin.zsh-master/bin:/home/kevin/.composer/vendor/bin:/home/kevin/.config/composer/vendor/bin:/home/kevin/.zgen/unixorn/warhol.plugin.zsh-master/bin:/home/kevin/.fzf/bin

Yarn version: 
  1.13.0

Node version: 
  11.9.0

Platform: 
  linux x64

Trace: 
  Error: https://registry.yarnpkg.com/commander.js: Not found
      at Request.params.callback [as _callback] (/usr/share/yarn/lib/cli.js:66255:18)
      at Request.self.callback (/usr/share/yarn/lib/cli.js:129397:22)
      at Request.emit (events.js:197:13)
      at Request.<anonymous> (/usr/share/yarn/lib/cli.js:130369:10)
      at Request.emit (events.js:197:13)
      at IncomingMessage.<anonymous> (/usr/share/yarn/lib/cli.js:130291:12)
      at Object.onceWrapper (events.js:285:13)
      at IncomingMessage.emit (events.js:202:15)
      at endReadableNT (_stream_readable.js:1129:12)
      at processTicksAndRejections (internal/process/next_tick.js:76:17)

npm manifest: 
  {
    "dependencies": {
      "colors": "^1.3.3",
      "fs-extra": "^7.0.1",
      "javascript-state-machine": "^3.1.0",
      "lodash": "^4.17.11",
      "machina": "^4.0.2"
    },
    "devDependencies": {},
    "scripts": {
      "start": "node ./src/main.js"
    }
  }

yarn manifest: 
  No manifest

Lockfile: 
  # THIS IS AN AUTOGENERATED FILE. DO NOT EDIT THIS FILE DIRECTLY.
  # yarn lockfile v1
  
  
  colors@^1.3.3:
    version "1.3.3"
    resolved "https://registry.yarnpkg.com/colors/-/colors-1.3.3.tgz#39e005d546afe01e01f9c4ca8fa50f686a01205d"
    integrity sha512-mmGt/1pZqYRjMxB1axhTo16/snVZ5krrKkcmMeVKxzECMMXoCgnvTPp10QgHfcbQZw8Dq2jMNG6je4JlWU0gWg==
  
  fs-extra@^7.0.1:
    version "7.0.1"
    resolved "https://registry.yarnpkg.com/fs-extra/-/fs-extra-7.0.1.tgz#4f189c44aa123b895f722804f55ea23eadc348e9"
    integrity sha512-YJDaCJZEnBmcbw13fvdAM9AwNOJwOzrE4pqMqBq5nFiEqXUqHwlK4B+3pUw6JNvfSPtX05xFHtYy/1ni01eGCw==
    dependencies:
      graceful-fs "^4.1.2"
      jsonfile "^4.0.0"
      universalify "^0.1.0"
  
  graceful-fs@^4.1.2, graceful-fs@^4.1.6:
    version "4.1.15"
    resolved "https://registry.yarnpkg.com/graceful-fs/-/graceful-fs-4.1.15.tgz#ffb703e1066e8a0eeaa4c8b80ba9253eeefbfb00"
    integrity sha512-6uHUhOPEBgQ24HM+r6b/QwWfZq+yiFcipKFrOFiBEnWdy5sdzYoi+pJeQaPI5qOLRFqWmAXUPQNsielzdLoecA==
  
  javascript-state-machine@^3.1.0:
    version "3.1.0"
    resolved "https://registry.yarnpkg.com/javascript-state-machine/-/javascript-state-machine-3.1.0.tgz#06eeb2136a6a19ae1b56105c25caec283dd5cd14"
    integrity sha512-BwhYxQ1OPenBPXC735RgfB+ZUG8H3kjsx8hrYTgWnoy6TPipEy4fiicyhT2lxRKAXq9pG7CfFT8a2HLr6Hmwxg==
  
  jsonfile@^4.0.0:
    version "4.0.0"
    resolved "https://registry.yarnpkg.com/jsonfile/-/jsonfile-4.0.0.tgz#8771aae0799b64076b76640fca058f9c10e33ecb"
    integrity sha1-h3Gq4HmbZAdrdmQPygWPnBDjPss=
    optionalDependencies:
      graceful-fs "^4.1.6"
  
  lodash@^4.17.11, lodash@^4.17.5:
    version "4.17.11"
    resolved "https://registry.yarnpkg.com/lodash/-/lodash-4.17.11.tgz#b39ea6229ef607ecd89e2c8df12536891cac9b8d"
    integrity sha512-cQKh8igo5QUhZ7lg38DYWAxMvjSAKG0A8wGSVimP07SIUEK2UO+arSRKbRZWtelMtN5V0Hkwh5ryOto/SshYIg==
  
  machina@^4.0.2:
    version "4.0.2"
    resolved "https://registry.yarnpkg.com/machina/-/machina-4.0.2.tgz#7ba13ea317fafc5c64cde75337fad168e1ac3937"
    integrity sha512-OOlFrW1rd783S6tF36v5Ie/TM64gfvSl9kYLWL2cPA31J71HHWW3XrgSe1BZSFAPkh8532CMJMLv/s9L2aopiA==
    dependencies:
      lodash "^4.17.5"
  
  universalify@^0.1.0:
    version "0.1.2"
    resolved "https://registry.yarnpkg.com/universalify/-/universalify-0.1.2.tgz#b646f69be3942dabcecc9d6639c80dc105efaa66"
    integrity sha512-rBJeI5CXAlmy1pV+617WB9J63U6XcazHHF2f2dbJix4XzpUF0RS3Zbj0FGIOCAva5P/d/GBOYaACQ1w+0azUkg==
